[28-Apr-2016 01:06:31 UTC] PHP Warning:  mysqli_real_connect(): (HY000/1226): User 'b888366117eb63' has exceeded the 'max_user_connections' resource (current value: 4) in D:\home\site\wwwroot\wp-includes\wp-db.php on line 1490
[28-Apr-2016 01:06:31 UTC] PHP Warning:  mysqli_real_connect(): (HY000/1226): User 'b888366117eb63' has exceeded the 'max_user_connections' resource (current value: 4) in D:\home\site\wwwroot\wp-includes\wp-db.php on line 1490
[28-Apr-2016 01:06:31 UTC] PHP Deprecated:  mysql_connect(): The mysql extension is deprecated and will be removed in the future: use mysqli or PDO instead in D:\home\site\wwwroot\wp-includes\wp-db.php on line 1520
[28-Apr-2016 01:06:31 UTC] PHP Deprecated:  mysql_connect(): The mysql extension is deprecated and will be removed in the future: use mysqli or PDO instead in D:\home\site\wwwroot\wp-includes\wp-db.php on line 1520
[28-Apr-2016 01:06:31 UTC] PHP Warning:  mysql_connect(): User 'b888366117eb63' has exceeded the 'max_user_connections' resource (current value: 4) in D:\home\site\wwwroot\wp-includes\wp-db.php on line 1520
[28-Apr-2016 01:06:31 UTC] PHP Warning:  mysql_connect(): User 'b888366117eb63' has exceeded the 'max_user_connections' resource (current value: 4) in D:\home\site\wwwroot\wp-includes\wp-db.php on line 1520
[28-Apr-2016 01:07:38 UTC] PHP Warning:  mysqli_real_connect(): (HY000/1226): User 'b888366117eb63' has exceeded the 'max_user_connections' resource (current value: 4) in D:\home\site\wwwroot\wp-includes\wp-db.php on line 1490
[28-Apr-2016 01:07:38 UTC] PHP Deprecated:  mysql_connect(): The mysql extension is deprecated and will be removed in the future: use mysqli or PDO instead in D:\home\site\wwwroot\wp-includes\wp-db.php on line 1520
[28-Apr-2016 01:07:38 UTC] PHP Warning:  mysql_connect(): User 'b888366117eb63' has exceeded the 'max_user_connections' resource (current value: 4) in D:\home\site\wwwroot\wp-includes\wp-db.php on line 1520
[28-Apr-2016 01:07:58 UTC] PHP Warning:  mysqli_real_connect(): (HY000/1226): User 'b888366117eb63' has exceeded the 'max_user_connections' resource (current value: 4) in D:\home\site\wwwroot\wp-includes\wp-db.php on line 1490
[28-Apr-2016 01:07:58 UTC] PHP Deprecated:  mysql_connect(): The mysql extension is deprecated and will be removed in the future: use mysqli or PDO instead in D:\home\site\wwwroot\wp-includes\wp-db.php on line 1520
[28-Apr-2016 01:07:58 UTC] PHP Warning:  mysql_connect(): User 'b888366117eb63' has exceeded the 'max_user_connections' resource (current value: 4) in D:\home\site\wwwroot\wp-includes\wp-db.php on line 1520
[28-Apr-2016 01:08:01 UTC] PHP Warning:  mysqli_real_connect(): (HY000/1226): User 'b888366117eb63' has exceeded the 'max_user_connections' resource (current value: 4) in D:\home\site\wwwroot\wp-includes\wp-db.php on line 1490
[28-Apr-2016 01:08:01 UTC] PHP Deprecated:  mysql_connect(): The mysql extension is deprecated and will be removed in the future: use mysqli or PDO instead in D:\home\site\wwwroot\wp-includes\wp-db.php on line 1520
[28-Apr-2016 01:08:01 UTC] PHP Warning:  mysql_connect(): User 'b888366117eb63' has exceeded the 'max_user_connections' resource (current value: 4) in D:\home\site\wwwroot\wp-includes\wp-db.php on line 1520
[28-Apr-2016 01:09:17 UTC] PHP Warning:  mysqli_real_connect(): (HY000/1226): User 'b888366117eb63' has exceeded the 'max_user_connections' resource (current value: 4) in D:\home\site\wwwroot\wp-includes\wp-db.php on line 1490
[28-Apr-2016 01:09:17 UTC] PHP Deprecated:  mysql_connect(): The mysql extension is deprecated and will be removed in the future: use mysqli or PDO instead in D:\home\site\wwwroot\wp-includes\wp-db.php on line 1520
[28-Apr-2016 01:09:17 UTC] PHP Warning:  mysql_connect(): User 'b888366117eb63' has exceeded the 'max_user_connections' resource (current value: 4) in D:\home\site\wwwroot\wp-includes\wp-db.php on line 1520
[28-Apr-2016 01:09:23 UTC] PHP Warning:  mysqli_real_connect(): (HY000/1226): User 'b888366117eb63' has exceeded the 'max_user_connections' resource (current value: 4) in D:\home\site\wwwroot\wp-includes\wp-db.php on line 1490
[28-Apr-2016 01:09:23 UTC] PHP Deprecated:  mysql_connect(): The mysql extension is deprecated and will be removed in the future: use mysqli or PDO instead in D:\home\site\wwwroot\wp-includes\wp-db.php on line 1520
[28-Apr-2016 01:09:23 UTC] PHP Warning:  mysql_connect(): User 'b888366117eb63' has exceeded the 'max_user_connections' resource (current value: 4) in D:\home\site\wwwroot\wp-includes\wp-db.php on line 1520
[28-Apr-2016 01:09:46 UTC] PHP Warning:  mysqli_query(): MySQL server has gone away in D:\home\site\wwwroot\wp-includes\wp-db.php on line 1811
[28-Apr-2016 01:09:46 UTC] PHP Warning:  mysqli_query(): Error reading result set's header in D:\home\site\wwwroot\wp-includes\wp-db.php on line 1811
[28-Apr-2016 01:09:46 UTC] PHP Fatal error:  Maximum execution time of 300 seconds exceeded in D:\home\site\wwwroot\wp-includes\wp-db.php on line 1811
[28-Apr-2016 01:10:11 UTC] PHP Warning:  mysqli_real_connect(): (HY000/1226): User 'b888366117eb63' has exceeded the 'max_user_connections' resource (current value: 4) in D:\home\site\wwwroot\wp-includes\wp-db.php on line 1490
[28-Apr-2016 01:10:11 UTC] PHP Deprecated:  mysql_connect(): The mysql extension is deprecated and will be removed in the future: use mysqli or PDO instead in D:\home\site\wwwroot\wp-includes\wp-db.php on line 1520
[28-Apr-2016 01:10:11 UTC] PHP Warning:  mysql_connect(): User 'b888366117eb63' has exceeded the 'max_user_connections' resource (current value: 4) in D:\home\site\wwwroot\wp-includes\wp-db.php on line 1520
[28-Apr-2016 01:11:03 UTC] PHP Warning:  mysqli_real_connect(): (HY000/1226): User 'b888366117eb63' has exceeded the 'max_user_connections' resource (current value: 4) in D:\home\site\wwwroot\wp-includes\wp-db.php on line 1490
[28-Apr-2016 01:11:03 UTC] PHP Deprecated:  mysql_connect(): The mysql extension is deprecated and will be removed in the future: use mysqli or PDO instead in D:\home\site\wwwroot\wp-includes\wp-db.php on line 1520
[28-Apr-2016 01:11:03 UTC] PHP Warning:  mysql_connect(): User 'b888366117eb63' has exceeded the 'max_user_connections' resource (current value: 4) in D:\home\site\wwwroot\wp-includes\wp-db.php on line 1520
[28-Apr-2016 01:11:16 UTC] PHP Warning:  Empty row packet body in D:\home\site\wwwroot\wp-includes\wp-db.php on line 1811
[28-Apr-2016 01:11:16 UTC] PHP Warning:  mysqli_query(): (00000/0):  in D:\home\site\wwwroot\wp-includes\wp-db.php on line 1811
[28-Apr-2016 01:11:16 UTC] PHP Fatal error:  Maximum execution time of 300 seconds exceeded in D:\home\site\wwwroot\wp-includes\wp-db.php on line 1811
[28-Apr-2016 01:11:16 UTC] PHP Warning:  mysqli_query(): MySQL server has gone away in D:\home\site\wwwroot\wp-includes\wp-db.php on line 1811
[28-Apr-2016 01:11:16 UTC] PHP Warning:  mysqli_query(): Error reading result set's header in D:\home\site\wwwroot\wp-includes\wp-db.php on line 1811
[28-Apr-2016 01:12:48 UTC] Sorry, but recursing filters on "the_content" breaks NextGEN Gallery. Please see https://core.trac.wordpress.org/ticket/17817 and NGG_DISABLE_FILTER_THE_CONTENT
[28-Apr-2016 01:13:03 UTC] PHP Warning:  mysqli_real_connect(): (HY000/1226): User 'b888366117eb63' has exceeded the 'max_user_connections' resource (current value: 4) in D:\home\site\wwwroot\wp-includes\wp-db.php on line 1490
[28-Apr-2016 01:13:03 UTC] PHP Deprecated:  mysql_connect(): The mysql extension is deprecated and will be removed in the future: use mysqli or PDO instead in D:\home\site\wwwroot\wp-includes\wp-db.php on line 1520
[28-Apr-2016 01:13:03 UTC] PHP Warning:  mysql_connect(): User 'b888366117eb63' has exceeded the 'max_user_connections' resource (current value: 4) in D:\home\site\wwwroot\wp-includes\wp-db.php on line 1520
[28-Apr-2016 01:13:13 UTC] PHP Fatal error:  Maximum execution time of 300 seconds exceeded in D:\home\site\wwwroot\wp-includes\wp-db.php on line 1811
[28-Apr-2016 01:13:53 UTC] Sorry, but recursing filters on "the_content" breaks NextGEN Gallery. Please see https://core.trac.wordpress.org/ticket/17817 and NGG_DISABLE_FILTER_THE_CONTENT
[28-Apr-2016 01:13:58 UTC] PHP Warning:  mysqli_real_connect(): (HY000/1226): User 'b888366117eb63' has exceeded the 'max_user_connections' resource (current value: 4) in D:\home\site\wwwroot\wp-includes\wp-db.php on line 1490
[28-Apr-2016 01:13:58 UTC] PHP Deprecated:  mysql_connect(): The mysql extension is deprecated and will be removed in the future: use mysqli or PDO instead in D:\home\site\wwwroot\wp-includes\wp-db.php on line 1520
[28-Apr-2016 01:13:58 UTC] PHP Warning:  mysql_connect(): User 'b888366117eb63' has exceeded the 'max_user_connections' resource (current value: 4) in D:\home\site\wwwroot\wp-includes\wp-db.php on line 1520
[28-Apr-2016 01:13:58 UTC] PHP Notice:  add_utility_page está <strong>obsoleto</strong> desde la versión 4.5. Utiliza add_menu_page() en su lugar. in D:\home\site\wwwroot\wp-includes\functions.php on line 3658
[28-Apr-2016 01:14:17 UTC] Sorry, but recursing filters on "the_content" breaks NextGEN Gallery. Please see https://core.trac.wordpress.org/ticket/17817 and NGG_DISABLE_FILTER_THE_CONTENT
[28-Apr-2016 01:15:49 UTC] PHP Warning:  mysqli_real_connect(): (HY000/1226): User 'b888366117eb63' has exceeded the 'max_user_connections' resource (current value: 4) in D:\home\site\wwwroot\wp-includes\wp-db.php on line 1490
[28-Apr-2016 01:15:49 UTC] PHP Deprecated:  mysql_connect(): The mysql extension is deprecated and will be removed in the future: use mysqli or PDO instead in D:\home\site\wwwroot\wp-includes\wp-db.php on line 1520
[28-Apr-2016 01:15:49 UTC] PHP Warning:  mysql_connect(): User 'b888366117eb63' has exceeded the 'max_user_connections' resource (current value: 4) in D:\home\site\wwwroot\wp-includes\wp-db.php on line 1520
[28-Apr-2016 01:16:04 UTC] PHP Warning:  mysqli_real_connect(): (HY000/1226): User 'b888366117eb63' has exceeded the 'max_user_connections' resource (current value: 4) in D:\home\site\wwwroot\wp-includes\wp-db.php on line 1490
[28-Apr-2016 01:16:04 UTC] PHP Deprecated:  mysql_connect(): The mysql extension is deprecated and will be removed in the future: use mysqli or PDO instead in D:\home\site\wwwroot\wp-includes\wp-db.php on line 1520
[28-Apr-2016 01:16:04 UTC] PHP Warning:  mysql_connect(): User 'b888366117eb63' has exceeded the 'max_user_connections' resource (current value: 4) in D:\home\site\wwwroot\wp-includes\wp-db.php on line 1520
[28-Apr-2016 01:16:41 UTC] PHP Warning:  mysqli_real_connect(): (HY000/1226): User 'b888366117eb63' has exceeded the 'max_user_connections' resource (current value: 4) in D:\home\site\wwwroot\wp-includes\wp-db.php on line 1490
[28-Apr-2016 01:16:41 UTC] PHP Deprecated:  mysql_connect(): The mysql extension is deprecated and will be removed in the future: use mysqli or PDO instead in D:\home\site\wwwroot\wp-includes\wp-db.php on line 1520
[28-Apr-2016 01:16:41 UTC] PHP Warning:  mysql_connect(): User 'b888366117eb63' has exceeded the 'max_user_connections' resource (current value: 4) in D:\home\site\wwwroot\wp-includes\wp-db.php on line 1520
[28-Apr-2016 01:16:42 UTC] PHP Warning:  mysqli_real_connect(): (HY000/1226): User 'b888366117eb63' has exceeded the 'max_user_connections' resource (current value: 4) in D:\home\site\wwwroot\wp-includes\wp-db.php on line 1490
[28-Apr-2016 01:16:42 UTC] PHP Deprecated:  mysql_connect(): The mysql extension is deprecated and will be removed in the future: use mysqli or PDO instead in D:\home\site\wwwroot\wp-includes\wp-db.php on line 1520
[28-Apr-2016 01:16:42 UTC] PHP Warning:  mysql_connect(): User 'b888366117eb63' has exceeded the 'max_user_connections' resource (current value: 4) in D:\home\site\wwwroot\wp-includes\wp-db.php on line 1520
[28-Apr-2016 01:16:56 UTC] PHP Warning:  mysqli_real_connect(): (HY000/1226): User 'b888366117eb63' has exceeded the 'max_user_connections' resource (current value: 4) in D:\home\site\wwwroot\wp-includes\wp-db.php on line 1490
[28-Apr-2016 01:16:56 UTC] PHP Deprecated:  mysql_connect(): The mysql extension is deprecated and will be removed in the future: use mysqli or PDO instead in D:\home\site\wwwroot\wp-includes\wp-db.php on line 1520
[28-Apr-2016 01:16:56 UTC] PHP Warning:  mysql_connect(): User 'b888366117eb63' has exceeded the 'max_user_connections' resource (current value: 4) in D:\home\site\wwwroot\wp-includes\wp-db.php on line 1520
[28-Apr-2016 01:17:21 UTC] PHP Warning:  mysqli_real_connect(): (HY000/1226): User 'b888366117eb63' has exceeded the 'max_user_connections' resource (current value: 4) in D:\home\site\wwwroot\wp-includes\wp-db.php on line 1490
[28-Apr-2016 01:17:21 UTC] PHP Deprecated:  mysql_connect(): The mysql extension is deprecated and will be removed in the future: use mysqli or PDO instead in D:\home\site\wwwroot\wp-includes\wp-db.php on line 1520
[28-Apr-2016 01:17:21 UTC] PHP Warning:  mysql_connect(): User 'b888366117eb63' has exceeded the 'max_user_connections' resource (current value: 4) in D:\home\site\wwwroot\wp-includes\wp-db.php on line 1520
[28-Apr-2016 01:18:08 UTC] PHP Warning:  mysqli_real_connect(): (HY000/1226): User 'b888366117eb63' has exceeded the 'max_user_connections' resource (current value: 4) in D:\home\site\wwwroot\wp-includes\wp-db.php on line 1490
[28-Apr-2016 01:18:08 UTC] PHP Deprecated:  mysql_connect(): The mysql extension is deprecated and will be removed in the future: use mysqli or PDO instead in D:\home\site\wwwroot\wp-includes\wp-db.php on line 1520
[28-Apr-2016 01:18:08 UTC] PHP Warning:  mysql_connect(): User 'b888366117eb63' has exceeded the 'max_user_connections' resource (current value: 4) in D:\home\site\wwwroot\wp-includes\wp-db.php on line 1520
[28-Apr-2016 01:18:17 UTC] PHP Warning:  mysqli_real_connect(): (HY000/1226): User 'b888366117eb63' has exceeded the 'max_user_connections' resource (current value: 4) in D:\home\site\wwwroot\wp-includes\wp-db.php on line 1490
[28-Apr-2016 01:18:17 UTC] PHP Deprecated:  mysql_connect(): The mysql extension is deprecated and will be removed in the future: use mysqli or PDO instead in D:\home\site\wwwroot\wp-includes\wp-db.php on line 1520
[28-Apr-2016 01:18:17 UTC] PHP Warning:  mysql_connect(): User 'b888366117eb63' has exceeded the 'max_user_connections' resource (current value: 4) in D:\home\site\wwwroot\wp-includes\wp-db.php on line 1520
[28-Apr-2016 01:18:19 UTC] PHP Warning:  mysqli_real_connect(): (HY000/1226): User 'b888366117eb63' has exceeded the 'max_user_connections' resource (current value: 4) in D:\home\site\wwwroot\wp-includes\wp-db.php on line 1490
[28-Apr-2016 01:18:20 UTC] PHP Deprecated:  mysql_connect(): The mysql extension is deprecated and will be removed in the future: use mysqli or PDO instead in D:\home\site\wwwroot\wp-includes\wp-db.php on line 1520
[28-Apr-2016 01:18:20 UTC] PHP Warning:  mysql_connect(): User 'b888366117eb63' has exceeded the 'max_user_connections' resource (current value: 4) in D:\home\site\wwwroot\wp-includes\wp-db.php on line 1520
[28-Apr-2016 01:18:23 UTC] PHP Warning:  mysqli_real_connect(): (HY000/1226): User 'b888366117eb63' has exceeded the 'max_user_connections' resource (current value: 4) in D:\home\site\wwwroot\wp-includes\wp-db.php on line 1490
[28-Apr-2016 01:18:23 UTC] PHP Deprecated:  mysql_connect(): The mysql extension is deprecated and will be removed in the future: use mysqli or PDO instead in D:\home\site\wwwroot\wp-includes\wp-db.php on line 1520
[28-Apr-2016 01:18:23 UTC] PHP Warning:  mysql_connect(): User 'b888366117eb63' has exceeded the 'max_user_connections' resource (current value: 4) in D:\home\site\wwwroot\wp-includes\wp-db.php on line 1520
[28-Apr-2016 01:19:11 UTC] PHP Warning:  mysqli_real_connect(): (HY000/1226): User 'b888366117eb63' has exceeded the 'max_user_connections' resource (current value: 4) in D:\home\site\wwwroot\wp-includes\wp-db.php on line 1490
[28-Apr-2016 01:19:11 UTC] PHP Deprecated:  mysql_connect(): The mysql extension is deprecated and will be removed in the future: use mysqli or PDO instead in D:\home\site\wwwroot\wp-includes\wp-db.php on line 1520
[28-Apr-2016 01:19:11 UTC] PHP Warning:  mysql_connect(): User 'b888366117eb63' has exceeded the 'max_user_connections' resource (current value: 4) in D:\home\site\wwwroot\wp-includes\wp-db.php on line 1520
[28-Apr-2016 01:19:34 UTC] PHP Warning:  mysqli_real_connect(): (HY000/1226): User 'b888366117eb63' has exceeded the 'max_user_connections' resource (current value: 4) in D:\home\site\wwwroot\wp-includes\wp-db.php on line 1490
[28-Apr-2016 01:19:34 UTC] PHP Deprecated:  mysql_connect(): The mysql extension is deprecated and will be removed in the future: use mysqli or PDO instead in D:\home\site\wwwroot\wp-includes\wp-db.php on line 1520
[28-Apr-2016 01:19:34 UTC] PHP Warning:  mysql_connect(): User 'b888366117eb63' has exceeded the 'max_user_connections' resource (current value: 4) in D:\home\site\wwwroot\wp-includes\wp-db.php on line 1520
[28-Apr-2016 01:19:35 UTC] PHP Warning:  mysqli_real_connect(): (HY000/1226): User 'b888366117eb63' has exceeded the 'max_user_connections' resource (current value: 4) in D:\home\site\wwwroot\wp-includes\wp-db.php on line 1490
[28-Apr-2016 01:19:35 UTC] PHP Deprecated:  mysql_connect(): The mysql extension is deprecated and will be removed in the future: use mysqli or PDO instead in D:\home\site\wwwroot\wp-includes\wp-db.php on line 1520
[28-Apr-2016 01:19:35 UTC] PHP Warning:  mysql_connect(): User 'b888366117eb63' has exceeded the 'max_user_connections' resource (current value: 4) in D:\home\site\wwwroot\wp-includes\wp-db.php on line 1520
[28-Apr-2016 01:19:36 UTC] PHP Warning:  mysqli_real_connect(): (HY000/1226): User 'b888366117eb63' has exceeded the 'max_user_connections' resource (current value: 4) in D:\home\site\wwwroot\wp-includes\wp-db.php on line 1490
[28-Apr-2016 01:19:36 UTC] PHP Deprecated:  mysql_connect(): The mysql extension is deprecated and will be removed in the future: use mysqli or PDO instead in D:\home\site\wwwroot\wp-includes\wp-db.php on line 1520
[28-Apr-2016 01:19:36 UTC] PHP Warning:  mysql_connect(): User 'b888366117eb63' has exceeded the 'max_user_connections' resource (current value: 4) in D:\home\site\wwwroot\wp-includes\wp-db.php on line 1520
[28-Apr-2016 01:19:40 UTC] PHP Warning:  mysqli_real_connect(): (HY000/1226): User 'b888366117eb63' has exceeded the 'max_user_connections' resource (current value: 4) in D:\home\site\wwwroot\wp-includes\wp-db.php on line 1490
[28-Apr-2016 01:19:40 UTC] PHP Deprecated:  mysql_connect(): The mysql extension is deprecated and will be removed in the future: use mysqli or PDO instead in D:\home\site\wwwroot\wp-includes\wp-db.php on line 1520
[28-Apr-2016 01:19:40 UTC] PHP Warning:  mysql_connect(): User 'b888366117eb63' has exceeded the 'max_user_connections' resource (current value: 4) in D:\home\site\wwwroot\wp-includes\wp-db.php on line 1520
[28-Apr-2016 01:22:22 UTC] PHP Warning:  mysqli_real_connect(): (HY000/1226): User 'b888366117eb63' has exceeded the 'max_user_connections' resource (current value: 4) in D:\home\site\wwwroot\wp-includes\wp-db.php on line 1490
[28-Apr-2016 01:22:22 UTC] PHP Deprecated:  mysql_connect(): The mysql extension is deprecated and will be removed in the future: use mysqli or PDO instead in D:\home\site\wwwroot\wp-includes\wp-db.php on line 1520
[28-Apr-2016 01:22:24 UTC] PHP Warning:  mysqli_real_connect(): (HY000/1226): User 'b888366117eb63' has exceeded the 'max_user_connections' resource (current value: 4) in D:\home\site\wwwroot\wp-includes\wp-db.php on line 1490
[28-Apr-2016 01:22:24 UTC] PHP Deprecated:  mysql_connect(): The mysql extension is deprecated and will be removed in the future: use mysqli or PDO instead in D:\home\site\wwwroot\wp-includes\wp-db.php on line 1520
[28-Apr-2016 01:22:26 UTC] PHP Notice:  add_utility_page está <strong>obsoleto</strong> desde la versión 4.5. Utiliza add_menu_page() en su lugar. in D:\home\site\wwwroot\wp-includes\functions.php on line 3658
[28-Apr-2016 01:22:29 UTC] PHP Warning:  mysqli_real_connect(): (HY000/1226): User 'b888366117eb63' has exceeded the 'max_user_connections' resource (current value: 4) in D:\home\site\wwwroot\wp-includes\wp-db.php on line 1490
[28-Apr-2016 01:22:29 UTC] PHP Deprecated:  mysql_connect(): The mysql extension is deprecated and will be removed in the future: use mysqli or PDO instead in D:\home\site\wwwroot\wp-includes\wp-db.php on line 1520
[28-Apr-2016 01:22:34 UTC] PHP Notice:  add_utility_page está <strong>obsoleto</strong> desde la versión 4.5. Utiliza add_menu_page() en su lugar. in D:\home\site\wwwroot\wp-includes\functions.php on line 3658
[28-Apr-2016 01:22:37 UTC] PHP Warning:  mysqli_real_connect(): (HY000/1226): User 'b888366117eb63' has exceeded the 'max_user_connections' resource (current value: 4) in D:\home\site\wwwroot\wp-includes\wp-db.php on line 1490
[28-Apr-2016 01:22:37 UTC] PHP Deprecated:  mysql_connect(): The mysql extension is deprecated and will be removed in the future: use mysqli or PDO instead in D:\home\site\wwwroot\wp-includes\wp-db.php on line 1520
[28-Apr-2016 01:22:37 UTC] PHP Warning:  mysql_connect(): User 'b888366117eb63' has exceeded the 'max_user_connections' resource (current value: 4) in D:\home\site\wwwroot\wp-includes\wp-db.php on line 1520
[28-Apr-2016 01:22:55 UTC] PHP Warning:  mysqli_real_connect(): (HY000/1226): User 'b888366117eb63' has exceeded the 'max_user_connections' resource (current value: 4) in D:\home\site\wwwroot\wp-includes\wp-db.php on line 1490
[28-Apr-2016 01:22:55 UTC] PHP Deprecated:  mysql_connect(): The mysql extension is deprecated and will be removed in the future: use mysqli or PDO instead in D:\home\site\wwwroot\wp-includes\wp-db.php on line 1520
[28-Apr-2016 01:22:55 UTC] PHP Warning:  mysql_connect(): User 'b888366117eb63' has exceeded the 'max_user_connections' resource (current value: 4) in D:\home\site\wwwroot\wp-includes\wp-db.php on line 1520
[28-Apr-2016 01:22:58 UTC] PHP Warning:  mysqli_real_connect(): (HY000/1226): User 'b888366117eb63' has exceeded the 'max_user_connections' resource (current value: 4) in D:\home\site\wwwroot\wp-includes\wp-db.php on line 1490
[28-Apr-2016 01:22:58 UTC] PHP Deprecated:  mysql_connect(): The mysql extension is deprecated and will be removed in the future: use mysqli or PDO instead in D:\home\site\wwwroot\wp-includes\wp-db.php on line 1520
[28-Apr-2016 01:22:58 UTC] PHP Warning:  mysql_connect(): User 'b888366117eb63' has exceeded the 'max_user_connections' resource (current value: 4) in D:\home\site\wwwroot\wp-includes\wp-db.php on line 1520
[28-Apr-2016 01:23:40 UTC] PHP Warning:  mysqli_real_connect(): (HY000/1226): User 'b888366117eb63' has exceeded the 'max_user_connections' resource (current value: 4) in D:\home\site\wwwroot\wp-includes\wp-db.php on line 1490
[28-Apr-2016 01:23:40 UTC] PHP Deprecated:  mysql_connect(): The mysql extension is deprecated and will be removed in the future: use mysqli or PDO instead in D:\home\site\wwwroot\wp-includes\wp-db.php on line 1520
[28-Apr-2016 01:23:40 UTC] PHP Warning:  mysql_connect(): User 'b888366117eb63' has exceeded the 'max_user_connections' resource (current value: 4) in D:\home\site\wwwroot\wp-includes\wp-db.php on line 1520
